<?xml version="1.0" encoding="UTF-8"?>
<!-- Generated by org.testng.reporters.JUnitXMLReporter -->
<testsuite ignored="4" hostname="DESKTOP-IS956AS" failures="0" tests="1" name="Default test" time="10.34" errors="0" timestamp="2022-06-28T22:14:22 IST">
  <testcase classname="MerchantUI.SignupPage" name="IsPartnerLogoDisplayed" time="1.111"/>
  <testcase classname="MerchantUI.SignupPage" name="CheckingForBrokenLink" time="0.0">
    <ignored/>
  </testcase> <!-- CheckingForBrokenLink -->
  <testcase classname="MerchantUI.SignupPage" name="SignUpFormTitleValidation" time="0.0">
    <ignored/>
  </testcase> <!-- SignUpFormTitleValidation -->
  <testcase classname="MerchantUI.SignupPage" name="SignUpWithInvalidCredentials" time="0.0">
    <ignored/>
  </testcase> <!-- SignUpWithInvalidCredentials -->
  <testcase classname="MerchantUI.SignupPage" name="AlreadyUserTextValidation" time="0.0">
    <ignored/>
  </testcase> <!-- AlreadyUserTextValidation -->
</testsuite> <!-- Default test -->
