<?xml version="1.0" encoding="UTF-8"?>
<testng-results ignored="1" total="2" passed="1" failed="0" skipped="0">
  <reporter-output>
  </reporter-output>
  <suite started-at="2022-08-08T22:52:41 IST" name="Default suite" finished-at="2022-08-08T22:52:55 IST" duration-ms="13879">
    <groups>
    </groups>
    <test started-at="2022-08-08T22:52:41 IST" name="Default test" finished-at="2022-08-08T22:52:55 IST" duration-ms="13879">
      <class name="MerchantUI.ForgotpasswordPage">
        <test-method is-config="true" signature="beforeTestExec()[pri:0, instance:MerchantUI.ForgotpasswordPage@f6c03cb]" started-at="2022-08-08T22:52:41 IST" name="beforeTestExec" finished-at="2022-08-08T22:52:54 IST" duration-ms="12141" status="PASS">
          <reporter-output>
          </reporter-output>
        </test-method> <!-- beforeTestExec -->
        <test-method signature="ForgotPasswordCheck()[pri:1, instance:MerchantUI.ForgotpasswordPage@f6c03cb]" started-at="2022-08-08T22:52:54 IST" name="ForgotPasswordCheck" finished-at="2022-08-08T22:52:55 IST" duration-ms="1445" status="PASS">
          <reporter-output>
          </reporter-output>
        </test-method> <!-- ForgotPasswordCheck -->
        <test-method is-config="true" signature="CloseBrowser()[pri:0, instance:MerchantUI.ForgotpasswordPage@f6c03cb]" started-at="2022-08-08T22:52:55 IST" name="CloseBrowser" finished-at="2022-08-08T22:52:55 IST" duration-ms="238" status="PASS">
          <reporter-output>
          </reporter-output>
        </test-method> <!-- CloseBrowser -->
      </class> <!-- MerchantUI.ForgotpasswordPage -->
    </test> <!-- Default test -->
  </suite> <!-- Default suite -->
</testng-results>
