<?xml version="1.0" encoding="UTF-8"?>
<testng-results ignored="4" total="5" passed="1" failed="0" skipped="0">
  <reporter-output>
  </reporter-output>
  <suite started-at="2022-06-28T22:14:11 IST" name="Default suite" finished-at="2022-06-28T22:14:22 IST" duration-ms="10340">
    <groups>
    </groups>
    <test started-at="2022-06-28T22:14:11 IST" name="Default test" finished-at="2022-06-28T22:14:22 IST" duration-ms="10340">
      <class name="MerchantUI.SignupPage">
        <test-method is-config="true" signature="beforeTestExec()[pri:0, instance:MerchantUI.SignupPage@28276e50]" started-at="2022-06-28T22:14:11 IST" name="beforeTestExec" finished-at="2022-06-28T22:14:20 IST" duration-ms="8906" status="PASS">
          <reporter-output>
          </reporter-output>
        </test-method> <!-- beforeTestExec -->
        <test-method signature="IsPartnerLogoDisplayed()[pri:3, instance:MerchantUI.SignupPage@28276e50]" started-at="2022-06-28T22:14:20 IST" name="IsPartnerLogoDisplayed" finished-at="2022-06-28T22:14:22 IST" duration-ms="1111" status="PASS">
          <reporter-output>
          </reporter-output>
        </test-method> <!-- IsPartnerLogoDisplayed -->
        <test-method is-config="true" signature="CloseBrowser()[pri:0, instance:MerchantUI.SignupPage@28276e50]" started-at="2022-06-28T22:14:22 IST" name="CloseBrowser" finished-at="2022-06-28T22:14:22 IST" duration-ms="263" status="PASS">
          <reporter-output>
          </reporter-output>
        </test-method> <!-- CloseBrowser -->
      </class> <!-- MerchantUI.SignupPage -->
    </test> <!-- Default test -->
  </suite> <!-- Default suite -->
</testng-results>
